<?xml version="1.0" encoding="UTF-8"?>
<!-- Generated by org.testng.reporters.JUnitXMLReporter -->
<testsuite hostname="Roar.local" failures="1" tests="1" name="validate navbar" time="8.783" errors="0" timestamp="26 Feb 2019 16:37:11 GMT">
  <testcase classname="com.academy.app.validateNavbarTest" name="validateNavBar" time="0.184">
    <failure type="java.lang.AssertionError" message="expected [false] but found [true]">
      <![CDATA[java.lang.AssertionError: expected [false] but found [true]
	at com.academy.app.validateNavbarTest.validateNavBar(validateNavbarTest.java:27)
... Removed 28 stack frames]]>
    </failure>
  </testcase> <!-- validateNavBar -->
</testsuite> <!-- validate navbar -->
