<?xml version="1.0" encoding="UTF-8"?>
<testng-results ignored="0" total="4" passed="3" failed="1" skipped="0">
  <reporter-output>
  </reporter-output>
  <suite started-at="2019-02-26T17:29:06Z" name="Suite" finished-at="2019-02-26T17:29:41Z" duration-ms="35715">
    <groups>
    </groups>
    <test started-at="2019-02-26T17:29:06Z" name="validate navbar" finished-at="2019-02-26T17:29:15Z" duration-ms="9150">
      <class name="com.academy.app.validateNavbarTest">
        <test-method is-config="true" signature="setUp()[pri:0, instance:com.academy.app.validateNavbarTest@5f9678e1]" started-at="2019-02-26T17:29:06Z" name="setUp" finished-at="2019-02-26T17:29:13Z" duration-ms="7835" status="PASS">
          <reporter-output>
          </reporter-output>
        </test-method> <!-- setUp -->
        <test-method signature="validateNavBar()[pri:0, instance:com.academy.app.validateNavbarTest@5f9678e1]" started-at="2019-02-26T17:29:13Z" name="validateNavBar" finished-at="2019-02-26T17:29:14Z" duration-ms="135" status="FAIL">
          <exception class="java.lang.AssertionError">
            <message>
              <![CDATA[expected [false] but found [true]]]>
            </message>
            <full-stacktrace>
              <![CDATA[java.lang.AssertionError: expected [false] but found [true]
at org.testng.Assert.fail(Assert.java:96)
at org.testng.Assert.failNotEquals(Assert.java:776)
at org.testng.Assert.assertFalse(Assert.java:65)
at org.testng.Assert.assertFalse(Assert.java:75)
at com.academy.app.validateNavbarTest.validateNavBar(validateNavbarTest.java:27)
at java.base/jdk.internal.reflect.NativeMethodAccessorImpl.invoke0(Native Method)
at java.base/jdk.internal.reflect.NativeMethodAccessorImpl.invoke(NativeMethodAccessorImpl.java:62)
at java.base/jdk.internal.reflect.DelegatingMethodAccessorImpl.invoke(DelegatingMethodAccessorImpl.java:43)
at java.base/java.lang.reflect.Method.invoke(Method.java:566)
at org.testng.internal.MethodInvocationHelper.invokeMethod(MethodInvocationHelper.java:124)
at org.testng.internal.Invoker.invokeMethod(Invoker.java:580)
at org.testng.internal.Invoker.invokeTestMethod(Invoker.java:716)
at org.testng.internal.Invoker.invokeTestMethods(Invoker.java:988)
at org.testng.internal.TestMethodWorker.invokeTestMethods(TestMethodWorker.java:125)
at org.testng.internal.TestMethodWorker.run(TestMethodWorker.java:109)
at org.testng.TestRunner.privateRun(TestRunner.java:648)
at org.testng.TestRunner.run(TestRunner.java:505)
at org.testng.SuiteRunner.runTest(SuiteRunner.java:455)
at org.testng.SuiteRunner.runSequentially(SuiteRunner.java:450)
at org.testng.SuiteRunner.privateRun(SuiteRunner.java:415)
at org.testng.SuiteRunner.run(SuiteRunner.java:364)
at org.testng.SuiteRunnerWorker.runSuite(SuiteRunnerWorker.java:52)
at org.testng.SuiteRunnerWorker.run(SuiteRunnerWorker.java:84)
at org.testng.TestNG.runSuitesSequentially(TestNG.java:1208)
at org.testng.TestNG.runSuitesLocally(TestNG.java:1137)
at org.testng.TestNG.runSuites(TestNG.java:1049)
at org.testng.TestNG.run(TestNG.java:1017)
at org.apache.maven.surefire.testng.TestNGExecutor.run(TestNGExecutor.java:283)
at org.apache.maven.surefire.testng.TestNGXmlTestSuite.execute(TestNGXmlTestSuite.java:75)
at org.apache.maven.surefire.testng.TestNGProvider.invoke(TestNGProvider.java:120)
at org.apache.maven.surefire.booter.ForkedBooter.invokeProviderInSameClassLoader(ForkedBooter.java:384)
at org.apache.maven.surefire.booter.ForkedBooter.runSuitesInProcess(ForkedBooter.java:345)
at org.apache.maven.surefire.booter.ForkedBooter.execute(ForkedBooter.java:126)
at org.apache.maven.surefire.booter.ForkedBooter.main(ForkedBooter.java:418)
]]>
            </full-stacktrace>
          </exception> <!-- java.lang.AssertionError -->
          <reporter-output>
          </reporter-output>
        </test-method> <!-- validateNavBar -->
        <test-method is-config="true" signature="tearDown()[pri:0, instance:com.academy.app.validateNavbarTest@5f9678e1]" started-at="2019-02-26T17:29:14Z" name="tearDown" finished-at="2019-02-26T17:29:15Z" duration-ms="260" status="PASS">
          <reporter-output>
          </reporter-output>
        </test-method> <!-- tearDown -->
      </class> <!-- com.academy.app.validateNavbarTest -->
    </test> <!-- validate navbar -->
    <test started-at="2019-02-26T17:29:15Z" name="Validate home page" finished-at="2019-02-26T17:29:36Z" duration-ms="20833">
      <class name="com.academy.app.HomePageTest">
        <test-method is-config="true" signature="setUp()[pri:0, instance:com.academy.app.HomePageTest@25a6944c]" started-at="2019-02-26T17:29:15Z" name="setUp" finished-at="2019-02-26T17:29:20Z" duration-ms="5065" status="PASS">
          <reporter-output>
          </reporter-output>
        </test-method> <!-- setUp -->
        <test-method signature="validateEmail(java.lang.String, java.lang.String)[pri:0, instance:com.academy.app.HomePageTest@25a6944c]" started-at="2019-02-26T17:29:20Z" name="validateEmail" data-provider="getData" finished-at="2019-02-26T17:29:25Z" duration-ms="5220" status="PASS">
          <params>
            <param index="0">
              <value>
                <![CDATA[nonrestricteduser@email.com]]>
              </value>
            </param>
            <param index="1">
              <value>
                <![CDATA[pass]]>
              </value>
            </param>
          </params>
          <reporter-output>
          </reporter-output>
        </test-method> <!-- validateEmail -->
        <test-method is-config="true" signature="tearDown()[pri:0, instance:com.academy.app.HomePageTest@25a6944c]" started-at="2019-02-26T17:29:25Z" name="tearDown" finished-at="2019-02-26T17:29:25Z" duration-ms="237" status="PASS">
          <reporter-output>
          </reporter-output>
        </test-method> <!-- tearDown -->
        <test-method is-config="true" signature="setUp()[pri:0, instance:com.academy.app.HomePageTest@25a6944c]" started-at="2019-02-26T17:29:25Z" name="setUp" finished-at="2019-02-26T17:29:30Z" duration-ms="4877" status="PASS">
          <reporter-output>
          </reporter-output>
        </test-method> <!-- setUp -->
        <test-method signature="validateEmail(java.lang.String, java.lang.String)[pri:0, instance:com.academy.app.HomePageTest@25a6944c]" started-at="2019-02-26T17:29:30Z" name="validateEmail" data-provider="getData" finished-at="2019-02-26T17:29:35Z" duration-ms="5202" status="PASS">
          <params>
            <param index="0">
              <value>
                <![CDATA[restricteduser@email.com]]>
              </value>
            </param>
            <param index="1">
              <value>
                <![CDATA[password]]>
              </value>
            </param>
          </params>
          <reporter-output>
          </reporter-output>
        </test-method> <!-- validateEmail -->
        <test-method is-config="true" signature="tearDown()[pri:0, instance:com.academy.app.HomePageTest@25a6944c]" started-at="2019-02-26T17:29:35Z" name="tearDown" finished-at="2019-02-26T17:29:36Z" duration-ms="223" status="PASS">
          <reporter-output>
          </reporter-output>
        </test-method> <!-- tearDown -->
      </class> <!-- com.academy.app.HomePageTest -->
    </test> <!-- Validate home page -->
    <test started-at="2019-02-26T17:29:36Z" name="validate homepage title" finished-at="2019-02-26T17:29:41Z" duration-ms="5690">
      <class name="com.academy.app.validateTitleTest">
        <test-method is-config="true" signature="setUp()[pri:0, instance:com.academy.app.validateTitleTest@4fce136b]" started-at="2019-02-26T17:29:36Z" name="setUp" finished-at="2019-02-26T17:29:41Z" duration-ms="5445" status="PASS">
          <reporter-output>
          </reporter-output>
        </test-method> <!-- setUp -->
        <test-method signature="validatePageTitle()[pri:0, instance:com.academy.app.validateTitleTest@4fce136b]" started-at="2019-02-26T17:29:41Z" name="validatePageTitle" finished-at="2019-02-26T17:29:41Z" duration-ms="45" status="PASS">
          <reporter-output>
          </reporter-output>
        </test-method> <!-- validatePageTitle -->
        <test-method is-config="true" signature="tearDown()[pri:0, instance:com.academy.app.validateTitleTest@4fce136b]" started-at="2019-02-26T17:29:41Z" name="tearDown" finished-at="2019-02-26T17:29:41Z" duration-ms="199" status="PASS">
          <reporter-output>
          </reporter-output>
        </test-method> <!-- tearDown -->
      </class> <!-- com.academy.app.validateTitleTest -->
    </test> <!-- validate homepage title -->
  </suite> <!-- Suite -->
</testng-results>
